<?xml version="1.0" encoding="UTF-8"?>
<!-- Generated by org.testng.reporters.JUnitReportReporter -->
<testsuite hostname="DESKTOP-R60MPPN" failures="0" tests="2" name="MavenProject.Mavenjava.AppiumTest" time="0.002" errors="0" timestamp="2021-09-13T11:09:07 IST" skipped="0">
  <testcase classname="MavenProject.Mavenjava.AppiumTest" name="IOSapp" time="0.001"/>
  <system-out/>
  <testcase classname="MavenProject.Mavenjava.AppiumTest" name="NativeAppAndroid" time="0.001"/>
  <system-out/>
</testsuite> <!-- MavenProject.Mavenjava.AppiumTest -->
