<?xml version="1.0" encoding="UTF-8"?>
<!-- Generated by org.testng.reporters.JUnitReportReporter -->
<testsuite hostname="DESKTOP-R60MPPN" failures="0" tests="2" name="MavenProject.Mavenjava.SeleniumTest" time="0.002" errors="0" timestamp="2021-09-13T18:59:55 IST" skipped="0">
  <testcase classname="MavenProject.Mavenjava.SeleniumTest" name="BrowserAutomation" time="0.001"/>
  <system-out/>
  <testcase classname="MavenProject.Mavenjava.SeleniumTest" name="ElementsUI" time="0.001"/>
  <system-out/>
</testsuite> <!-- MavenProject.Mavenjava.SeleniumTest -->
